QuizAdminDoAnCs2/app/build/intermediates/manifest_merge_blame_file/debug/manifest-merger-blame-debug-report.txt
1<?xml version="1.0" encoding="utf-8"?>
2<manifest xmlns:android="http://schemas.android.com/apk/res/android"
3    package="com.example.quizadmindoancs2"
4    android:versionCode="1"
5    android:versionName="1.0" >
6
7    <uses-sdk
8        android:minSdkVersion="23"
8-->src\main\AndroidManifest.xml
9        android:targetSdkVersion="32" />
9-->src\main\AndroidManifest.xml
10
11    <uses-permission android:name="android.permission.INTERNET" />
11-->[com.google.firebase:firebase-auth:21.1.0] AndroidManifest.xml:23:5-67
11-->[com.google.firebase:firebase-auth:21.1.0] AndroidManifest.xml:23:22-64
12    <uses-permission android:name="android.permission.ACCESS_NETWORK_STATE" />
12-->[com.google.firebase:firebase-auth:21.1.0] AndroidManifest.xml:24:5-79
12-->[com.google.firebase:firebase-auth:21.1.0] AndroidManifest.xml:24:22-76
13    <uses-permission android:name="android.permission.WAKE_LOCK" />
13-->[com.google.android.gms:play-services-measurement-api:21.2.0] AndroidManifest.xml:24:5-68
13-->[com.google.android.gms:play-services-measurement-api:21.2.0] AndroidManifest.xml:24:22-65
14    <uses-permission android:name="com.google.android.gms.permission.AD_ID" />
14-->[com.google.android.gms:play-services-measurement-api:21.2.0] AndroidManifest.xml:25:5-79
14-->[com.google.android.gms:play-services-measurement-api:21.2.0] AndroidManifest.xml:25:22-76
15    <uses-permission android:name="com.google.android.finsky.permission.BIND_GET_INSTALL_REFERRER_SERVICE" />
15-->[com.google.android.gms:play-services-measurement:21.2.0] AndroidManifest.xml:26:5-110
15-->[com.google.android.gms:play-services-measurement:21.2.0] AndroidManifest.xml:26:22-107
16
17    <application
17-->src\main\AndroidManifest.xml:5:5-39:19
18        android:allowBackup="true"
18-->src\main\AndroidManifest.xml:6:9-35
19        android:appComponentFactory="androidx.core.app.CoreComponentFactory"
19-->[androidx.core:core:1.7.0] AndroidManifest.xml:24:18-86
20        android:debuggable="true"
21        android:extractNativeLibs="false"
22        android:icon="@mipmap/ic_launcher"
22-->src\main\AndroidManifest.xml:7:9-43
23        android:label="Admin Exam"
23-->src\main\AndroidManifest.xml:8:9-35
24        android:roundIcon="@mipmap/ic_launcher_round"
24-->src\main\AndroidManifest.xml:9:9-54
25        android:supportsRtl="true"
25-->src\main\AndroidManifest.xml:10:9-35
26        android:testOnly="true"
27        android:theme="@style/Theme.QuizAdminDoAnCs2" >
27-->src\main\AndroidManifest.xml:11:9-54
28        <activity
28-->src\main\AndroidManifest.xml:12:9-14:40
29            android:name="com.example.quizadmindoancs2.UpdateQuestionActivity"
29-->src\main\AndroidManifest.xml:13:13-51
30            android:exported="false" />
30-->src\main\AndroidManifest.xml:14:13-37
31        <activity
31-->src\main\AndroidManifest.xml:15:9-17:40
32            android:name="com.example.quizadmindoancs2.AddQuestionActivity"
32-->src\main\AndroidManifest.xml:16:13-48
33            android:exported="false" />
33-->src\main\AndroidManifest.xml:17:13-37
34        <activity
34-->src\main\AndroidManifest.xml:18:9-20:40
35            android:name="com.example.quizadmindoancs2.QuestionActivity"
35-->src\main\AndroidManifest.xml:19:13-45
36            android:exported="false" />
36-->src\main\AndroidManifest.xml:20:13-37
37        <activity
37-->src\main\AndroidManifest.xml:21:9-23:40
38            android:name="com.example.quizadmindoancs2.MainActivity"
38-->src\main\AndroidManifest.xml:22:13-41
39            android:exported="false" />
39-->src\main\AndroidManifest.xml:23:13-37
40        <activity
40-->src\main\AndroidManifest.xml:24:9-26:40
41            android:name="com.example.quizadmindoancs2.TestActivity"
41-->src\main\AndroidManifest.xml:25:13-41
42            android:exported="false" />
42-->src\main\AndroidManifest.xml:26:13-37
43        <activity
43-->src\main\AndroidManifest.xml:27:9-29:40
44            android:name="com.example.quizadmindoancs2.CategoryActivity"
44-->src\main\AndroidManifest.xml:28:13-45
45            android:exported="false" />
45-->src\main\AndroidManifest.xml:29:13-37
46        <activity
46-->src\main\AndroidManifest.xml:30:9-38:20
47            android:name="com.example.quizadmindoancs2.BeginActivity"
47-->src\main\AndroidManifest.xml:31:13-42
48            android:exported="true" >
48-->src\main\AndroidManifest.xml:32:13-36
49            <intent-filter>
49-->src\main\AndroidManifest.xml:33:13-37:29
50                <action android:name="android.intent.action.MAIN" />
50-->src\main\AndroidManifest.xml:34:17-69
50-->src\main\AndroidManifest.xml:34:25-66
51
52                <category android:name="android.intent.category.LAUNCHER" />
52-->src\main\AndroidManifest.xml:36:17-77
52-->src\main\AndroidManifest.xml:36:27-74
53            </intent-filter>
54        </activity>
55        <activity
55-->[com.google.firebase:firebase-auth:21.1.0] AndroidManifest.xml:27:9-44:20
56            android:name="com.google.firebase.auth.internal.GenericIdpActivity"
56-->[com.google.firebase:firebase-auth:21.1.0] AndroidManifest.xml:28:13-80
57            android:excludeFromRecents="true"
57-->[com.google.firebase:firebase-auth:21.1.0] AndroidManifest.xml:29:13-46
58            android:exported="true"
58-->[com.google.firebase:firebase-auth:21.1.0] AndroidManifest.xml:30:13-36
59            android:launchMode="singleTask"
59-->[com.google.firebase:firebase-auth:21.1.0] AndroidManifest.xml:31:13-44
60            android:theme="@android:style/Theme.Translucent.NoTitleBar" >
60-->[com.google.firebase:firebase-auth:21.1.0] AndroidManifest.xml:32:13-72
61            <intent-filter>
61-->[com.google.firebase:firebase-auth:21.1.0] AndroidManifest.xml:33:13-43:29
62                <action android:name="android.intent.action.VIEW" />
62-->[com.google.firebase:firebase-auth:21.1.0] AndroidManifest.xml:34:17-69
62-->[com.google.firebase:firebase-auth:21.1.0] AndroidManifest.xml:34:25-66
63
64                <category android:name="android.intent.category.DEFAULT" />
64-->[com.google.firebase:firebase-auth:21.1.0] AndroidManifest.xml:36:17-76
64-->[com.google.firebase:firebase-auth:21.1.0] AndroidManifest.xml:36:27-73
65                <category android:name="android.intent.category.BROWSABLE" />
65-->[com.google.firebase:firebase-auth:21.1.0] AndroidManifest.xml:37:17-78
65-->[com.google.firebase:firebase-auth:21.1.0] AndroidManifest.xml:37:27-75
66
67                <data
67-->[com.google.firebase:firebase-auth:21.1.0] AndroidManifest.xml:39:17-42:51
68                    android:host="firebase.auth"
68-->[com.google.firebase:firebase-auth:21.1.0] AndroidManifest.xml:40:21-49
69                    android:path="/"
69-->[com.google.firebase:firebase-auth:21.1.0] AndroidManifest.xml:41:21-37
70                    android:scheme="genericidp" />
70-->[com.google.firebase:firebase-auth:21.1.0] AndroidManifest.xml:42:21-48
71            </intent-filter>
72        </activity>
73        <activity
73-->[com.google.firebase:firebase-auth:21.1.0] AndroidManifest.xml:45:9-62:20
74            android:name="com.google.firebase.auth.internal.RecaptchaActivity"
74-->[com.google.firebase:firebase-auth:21.1.0] AndroidManifest.xml:46:13-79
75            android:excludeFromRecents="true"
75-->[com.google.firebase:firebase-auth:21.1.0] AndroidManifest.xml:47:13-46
76            android:exported="true"
76-->[com.google.firebase:firebase-auth:21.1.0] AndroidManifest.xml:48:13-36
77            android:launchMode="singleTask"
77-->[com.google.firebase:firebase-auth:21.1.0] AndroidManifest.xml:49:13-44
78            android:theme="@android:style/Theme.Translucent.NoTitleBar" >
78-->[com.google.firebase:firebase-auth:21.1.0] AndroidManifest.xml:50:13-72
79            <intent-filter>
79-->[com.google.firebase:firebase-auth:21.1.0] AndroidManifest.xml:51:13-61:29
80                <action android:name="android.intent.action.VIEW" />
80-->[com.google.firebase:firebase-auth:21.1.0] AndroidManifest.xml:34:17-69
80-->[com.google.firebase:firebase-auth:21.1.0] AndroidManifest.xml:34:25-66
81
82                <category android:name="android.intent.category.DEFAULT" />
82-->[com.google.firebase:firebase-auth:21.1.0] AndroidManifest.xml:36:17-76
82-->[com.google.firebase:firebase-auth:21.1.0] AndroidManifest.xml:36:27-73
83                <category android:name="android.intent.category.BROWSABLE" />
83-->[com.google.firebase:firebase-auth:21.1.0] AndroidManifest.xml:37:17-78
83-->[com.google.firebase:firebase-auth:21.1.0] AndroidManifest.xml:37:27-75
84
85                <data
85-->[com.google.firebase:firebase-auth:21.1.0] AndroidManifest.xml:39:17-42:51
86                    android:host="firebase.auth"
86-->[com.google.firebase:firebase-auth:21.1.0] AndroidManifest.xml:40:21-49
87                    android:path="/"
87-->[com.google.firebase:firebase-auth:21.1.0] AndroidManifest.xml:41:21-37
88                    android:scheme="recaptcha" />
88-->[com.google.firebase:firebase-auth:21.1.0] AndroidManifest.xml:42:21-48
89            </intent-filter>
90        </activity>
91
92        <service
92-->[com.google.firebase:firebase-auth:21.1.0] AndroidManifest.xml:64:9-70:19
93            android:name="com.google.firebase.components.ComponentDiscoveryService"
93-->[com.google.firebase:firebase-auth:21.1.0] AndroidManifest.xml:65:13-84
94            android:directBootAware="true"
94-->[com.google.firebase:firebase-common:20.2.0] AndroidManifest.xml:34:13-43
95            android:exported="false" >
95-->[com.google.firebase:firebase-auth:21.1.0] AndroidManifest.xml:66:13-37
96            <meta-data
96-->[com.google.firebase:firebase-auth:21.1.0] AndroidManifest.xml:67:13-69:85
97                android:name="com.google.firebase.components:com.google.firebase.auth.FirebaseAuthRegistrar"
97-->[com.google.firebase:firebase-auth:21.1.0] AndroidManifest.xml:68:17-109
98                android:value="com.google.firebase.components.ComponentRegistrar" />
98-->[com.google.firebase:firebase-auth:21.1.0] AndroidManifest.xml:69:17-82
99            <meta-data
99-->[com.google.firebase:firebase-firestore:24.4.0] AndroidManifest.xml:19:13-21:85
100                android:name="com.google.firebase.components:com.google.firebase.firestore.FirestoreRegistrar"
100-->[com.google.firebase:firebase-firestore:24.4.0] AndroidManifest.xml:20:17-111
101                android:value="com.google.firebase.components.ComponentRegistrar" />
101-->[com.google.firebase:firebase-firestore:24.4.0] AndroidManifest.xml:21:17-82
102            <meta-data
102-->[com.google.android.gms:play-services-measurement-api:21.2.0] AndroidManifest.xml:31:13-33:85
103                android:name="com.google.firebase.components:com.google.firebase.analytics.connector.internal.AnalyticsConnectorRegistrar"
103-->[com.google.android.gms:play-services-measurement-api:21.2.0] AndroidManifest.xml:32:17-139
104                android:value="com.google.firebase.components.ComponentRegistrar" />
104-->[com.google.android.gms:play-services-measurement-api:21.2.0] AndroidManifest.xml:33:17-82
105            <meta-data
105-->[com.google.firebase:firebase-installations:17.1.0] AndroidManifest.xml:17:13-19:85
106                android:name="com.google.firebase.components:com.google.firebase.installations.FirebaseInstallationsRegistrar"
106-->[com.google.firebase:firebase-installations:17.1.0] AndroidManifest.xml:18:17-127
107                android:value="com.google.firebase.components.ComponentRegistrar" />
107-->[com.google.firebase:firebase-installations:17.1.0] AndroidManifest.xml:19:17-82
108        </service>
109
110        <activity
110-->[com.google.android.gms:play-services-auth:20.3.0] AndroidManifest.xml:23:9-27:75
111            android:name="com.google.android.gms.auth.api.signin.internal.SignInHubActivity"
111-->[com.google.android.gms:play-services-auth:20.3.0] AndroidManifest.xml:24:13-93
112            android:excludeFromRecents="true"
112-->[com.google.android.gms:play-services-auth:20.3.0] AndroidManifest.xml:25:13-46
113            android:exported="false"
113-->[com.google.android.gms:play-services-auth:20.3.0] AndroidManifest.xml:26:13-37
114            android:theme="@android:style/Theme.Translucent.NoTitleBar" />
114-->[com.google.android.gms:play-services-auth:20.3.0] AndroidManifest.xml:27:13-72
115        <!--
116            Service handling Google Sign-In user revocation. For apps that do not integrate with
117            Google Sign-In, this service will never be started.
118        -->
119        <service
119-->[com.google.android.gms:play-services-auth:20.3.0] AndroidManifest.xml:33:9-37:51
120            android:name="com.google.android.gms.auth.api.signin.RevocationBoundService"
120-->[com.google.android.gms:play-services-auth:20.3.0] AndroidManifest.xml:34:13-89
121            android:exported="true"
121-->[com.google.android.gms:play-services-auth:20.3.0] AndroidManifest.xml:35:13-36
122            android:permission="com.google.android.gms.auth.api.signin.permission.REVOCATION_NOTIFICATION"
122-->[com.google.android.gms:play-services-auth:20.3.0] AndroidManifest.xml:36:13-107
123            android:visibleToInstantApps="true" />
123-->[com.google.android.gms:play-services-auth:20.3.0] AndroidManifest.xml:37:13-48
124
125        <provider
125-->[com.google.firebase:firebase-common:20.2.0] AndroidManifest.xml:25:9-30:39
126            android:name="com.google.firebase.provider.FirebaseInitProvider"
126-->[com.google.firebase:firebase-common:20.2.0] AndroidManifest.xml:26:13-77
127            android:authorities="com.example.quizadmindoancs2.firebaseinitprovider"
127-->[com.google.firebase:firebase-common:20.2.0] AndroidManifest.xml:27:13-72
128            android:directBootAware="true"
128-->[com.google.firebase:firebase-common:20.2.0] AndroidManifest.xml:28:13-43
129            android:exported="false"
129-->[com.google.firebase:firebase-common:20.2.0] AndroidManifest.xml:29:13-37
130            android:initOrder="100" />
130-->[com.google.firebase:firebase-common:20.2.0] AndroidManifest.xml:30:13-36
131
132        <activity
132-->[com.google.android.gms:play-services-base:18.0.1] AndroidManifest.xml:20:9-22:45
133            android:name="com.google.android.gms.common.api.GoogleApiActivity"
133-->[com.google.android.gms:play-services-base:18.0.1] AndroidManifest.xml:20:19-85
134            android:exported="false"
134-->[com.google.android.gms:play-services-base:18.0.1] AndroidManifest.xml:22:19-43
135            android:theme="@android:style/Theme.Translucent.NoTitleBar" />
135-->[com.google.android.gms:play-services-base:18.0.1] AndroidManifest.xml:21:19-78
136
137        <receiver
137-->[com.google.android.gms:play-services-measurement:21.2.0] AndroidManifest.xml:29:9-33:20
138            android:name="com.google.android.gms.measurement.AppMeasurementReceiver"
138-->[com.google.android.gms:play-services-measurement:21.2.0] AndroidManifest.xml:30:13-85
139            android:enabled="true"
139-->[com.google.android.gms:play-services-measurement:21.2.0] AndroidManifest.xml:31:13-35
140            android:exported="false" >
140-->[com.google.android.gms:play-services-measurement:21.2.0] AndroidManifest.xml:32:13-37
141        </receiver>
142
143        <service
143-->[com.google.android.gms:play-services-measurement:21.2.0] AndroidManifest.xml:35:9-38:40
144            android:name="com.google.android.gms.measurement.AppMeasurementService"
144-->[com.google.android.gms:play-services-measurement:21.2.0] AndroidManifest.xml:36:13-84
145            android:enabled="true"
145-->[com.google.android.gms:play-services-measurement:21.2.0] AndroidManifest.xml:37:13-35
146            android:exported="false" />
146-->[com.google.android.gms:play-services-measurement:21.2.0] AndroidManifest.xml:38:13-37
147        <service
147-->[com.google.android.gms:play-services-measurement:21.2.0] AndroidManifest.xml:39:9-43:72
148            android:name="com.google.android.gms.measurement.AppMeasurementJobService"
148-->[com.google.android.gms:play-services-measurement:21.2.0] AndroidManifest.xml:40:13-87
149            android:enabled="true"
149-->[com.google.android.gms:play-services-measurement:21.2.0] AndroidManifest.xml:41:13-35
150            android:exported="false"
150-->[com.google.android.gms:play-services-measurement:21.2.0] AndroidManifest.xml:42:13-37
151            android:permission="android.permission.BIND_JOB_SERVICE" />
151-->[com.google.android.gms:play-services-measurement:21.2.0] AndroidManifest.xml:43:13-69
152
153        <meta-data
153-->[com.google.android.gms:play-services-basement:18.1.0] AndroidManifest.xml:21:9-23:69
154            android:name="com.google.android.gms.version"
154-->[com.google.android.gms:play-services-basement:18.1.0] AndroidManifest.xml:22:13-58
155            android:value="@integer/google_play_services_version" />
155-->[com.google.android.gms:play-services-basement:18.1.0] AndroidManifest.xml:23:13-66
156
157        <provider
157-->[androidx.emoji2:emoji2:1.0.0] AndroidManifest.xml:26:9-34:20
158            android:name="androidx.startup.InitializationProvider"
158-->[androidx.emoji2:emoji2:1.0.0] AndroidManifest.xml:27:13-67
159            android:authorities="com.example.quizadmindoancs2.androidx-startup"
159-->[androidx.emoji2:emoji2:1.0.0] AndroidManifest.xml:28:13-68
160            android:exported="false" >
160-->[androidx.emoji2:emoji2:1.0.0] AndroidManifest.xml:29:13-37
161            <meta-data
161-->[androidx.emoji2:emoji2:1.0.0] AndroidManifest.xml:31:13-33:52
162                android:name="androidx.emoji2.text.EmojiCompatInitializer"
162-->[androidx.emoji2:emoji2:1.0.0] AndroidManifest.xml:32:17-75
163                android:value="androidx.startup" />
163-->[androidx.emoji2:emoji2:1.0.0] AndroidManifest.xml:33:17-49
164            <meta-data
164-->[androidx.lifecycle:lifecycle-process:2.4.0] AndroidManifest.xml:31:13-33:52
165                android:name="androidx.lifecycle.ProcessLifecycleInitializer"
165-->[androidx.lifecycle:lifecycle-process:2.4.0] AndroidManifest.xml:32:17-78
166                android:value="androidx.startup" />
166-->[androidx.lifecycle:lifecycle-process:2.4.0] AndroidManifest.xml:33:17-49
167        </provider>
168
169        <uses-library
169-->[androidx.window:window:1.0.0] AndroidManifest.xml:25:9-27:40
170            android:name="androidx.window.extensions"
170-->[androidx.window:window:1.0.0] AndroidManifest.xml:26:13-54
171            android:required="false" />
171-->[androidx.window:window:1.0.0] AndroidManifest.xml:27:13-37
172        <uses-library
172-->[androidx.window:window:1.0.0] AndroidManifest.xml:28:9-30:40
173            android:name="androidx.window.sidecar"
173-->[androidx.window:window:1.0.0] AndroidManifest.xml:29:13-51
174            android:required="false" />
174-->[androidx.window:window:1.0.0] AndroidManifest.xml:30:13-37
175    </application>
176
177</manifest>